<?xml version="1.0" encoding="UTF-8"?>
<testsuite xmlns:xsi="http://www.w3.org/2001/XMLSchema-instance" xsi:noNamespaceSchemaLocation="https://maven.apache.org/surefire/maven-surefire-plugin/xsd/surefire-test-report.xsd" name="io.javabrains.MathUtilsTest" time="0.056" tests="34" errors="0" skipped="0" failures="0">
  <properties>
[...]
</properties>
  <testcase name="add" classname="io.javabrains.MathUtilsTest" time="0.007"/>
  <testcase name="div" classname="io.javabrains.MathUtilsTest" time="0.001"/>
  <testcase name="exp" classname="io.javabrains.MathUtilsTest" time="0"/>
  <testcase name="mul" classname="io.javabrains.MathUtilsTest" time="0.001"/>
  <testcase name="sub" classname="io.javabrains.MathUtilsTest" time="0.001"/>
  <testcase name="add1" classname="io.javabrains.MathUtilsTest" time="0"/>
  <testcase name="add2" classname="io.javabrains.MathUtilsTest" time="0"/>
  <testcase name="add3" classname="io.javabrains.MathUtilsTest" time="0"/>
  <testcase name="add4" classname="io.javabrains.MathUtilsTest" time="0"/>
  <testcase name="div1" classname="io.javabrains.MathUtilsTest" time="0"/>
  <testcase name="div2" classname="io.javabrains.MathUtilsTest" time="0.001"/>
  <testcase name="div3" classname="io.javabrains.MathUtilsTest" time="0.001"/>
  <testcase name="div4" classname="io.javabrains.MathUtilsTest" time="0.001"/>
  <testcase name="div5" classname="io.javabrains.MathUtilsTest" time="0.001"/>
  <testcase name="div6" classname="io.javabrains.MathUtilsTest" time="0.001"/>
  <testcase name="div7" classname="io.javabrains.MathUtilsTest" time="0.012"/>
  <testcase name="div8" classname="io.javabrains.MathUtilsTest" time="0"/>
  <testcase name="div9" classname="io.javabrains.MathUtilsTest" time="0"/>
  <testcase name="exp1" classname="io.javabrains.MathUtilsTest" time="0.001"/>
  <testcase name="exp2" classname="io.javabrains.MathUtilsTest" time="0.001"/>
  <testcase name="exp3" classname="io.javabrains.MathUtilsTest" time="0"/>
  <testcase name="exp4" classname="io.javabrains.MathUtilsTest" time="0"/>
  <testcase name="exp5" classname="io.javabrains.MathUtilsTest" time="0.001"/>
  <testcase name="exp6" classname="io.javabrains.MathUtilsTest" time="0.001"/>
  <testcase name="exp7" classname="io.javabrains.MathUtilsTest" time="0.001"/>
  <testcase name="exp8" classname="io.javabrains.MathUtilsTest" time="0.001"/>
  <testcase name="mul1" classname="io.javabrains.MathUtilsTest" time="0"/>
  <testcase name="mul2" classname="io.javabrains.MathUtilsTest" time="0"/>
  <testcase name="mul3" classname="io.javabrains.MathUtilsTest" time="0"/>
  <testcase name="mul4" classname="io.javabrains.MathUtilsTest" time="0"/>
  <testcase name="sub1" classname="io.javabrains.MathUtilsTest" time="0"/>
  <testcase name="sub2" classname="io.javabrains.MathUtilsTest" time="0"/>
  <testcase name="sub3" classname="io.javabrains.MathUtilsTest" time="0"/>
  <testcase name="sub4" classname="io.javabrains.MathUtilsTest" time="0.001"/>
</testsuite>